Started GET "/" for 127.0.0.1 at 2017-02-20 15:02:27 +0000
Processing by Rails::WelcomeController#index as HTML
  Parameters: {"internal"=>true}
  Rendering /Users/stefanliute/.rvm/gems/ruby-2.4.0/gems/railties-5.0.1/lib/rails/templates/rails/welcome/index.html.erb
  Rendered /Users/stefanliute/.rvm/gems/ruby-2.4.0/gems/railties-5.0.1/lib/rails/templates/rails/welcome/index.html.erb (4.9ms)
Completed 200 OK in 34ms (Views: 14.4ms | ActiveRecord: 0.0ms)


Started GET "/" for 127.0.0.1 at 2017-02-20 16:43:29 +0000
Processing by Rails::WelcomeController#index as HTML
  Parameters: {"internal"=>true}
  Rendering /Users/varvara/.rvm/gems/ruby-2.3.3/gems/railties-5.0.1/lib/rails/templates/rails/welcome/index.html.erb
  Rendered /Users/varvara/.rvm/gems/ruby-2.3.3/gems/railties-5.0.1/lib/rails/templates/rails/welcome/index.html.erb (4.5ms)
Completed 200 OK in 24ms (Views: 10.6ms | ActiveRecord: 0.0ms)


Started GET "/" for 127.0.0.1 at 2017-02-20 16:43:31 +0000
Processing by Rails::WelcomeController#index as HTML
  Parameters: {"internal"=>true}
  Rendering /Users/varvara/.rvm/gems/ruby-2.3.3/gems/railties-5.0.1/lib/rails/templates/rails/welcome/index.html.erb
  Rendered /Users/varvara/.rvm/gems/ruby-2.3.3/gems/railties-5.0.1/lib/rails/templates/rails/welcome/index.html.erb (3.4ms)
Completed 200 OK in 7ms (Views: 5.3ms | ActiveRecord: 0.0ms)


Started GET "/restaurants" for 127.0.0.1 at 2017-02-20 16:43:53 +0000
Processing by RestaurantsController#index as HTML
Completed 500 Internal Server Error in 1ms (ActiveRecord: 0.0ms)


  
RuntimeError (Hello from the index action):
  
app/controllers/restaurants_controller.rb:4:in `index'
  Rendering /Users/varvara/.rvm/gems/ruby-2.3.3/gems/actionpack-5.0.1/lib/action_dispatch/middleware/templates/rescues/diagnostics.html.erb within rescues/layout
  Rendering /Users/varvara/.rvm/gems/ruby-2.3.3/gems/actionpack-5.0.1/lib/action_dispatch/middleware/templates/rescues/_source.html.erb
  Rendered /Users/varvara/.rvm/gems/ruby-2.3.3/gems/actionpack-5.0.1/lib/action_dispatch/middleware/templates/rescues/_source.html.erb (7.4ms)
  Rendering /Users/varvara/.rvm/gems/ruby-2.3.3/gems/actionpack-5.0.1/lib/action_dispatch/middleware/templates/rescues/_trace.html.erb
  Rendered /Users/varvara/.rvm/gems/ruby-2.3.3/gems/actionpack-5.0.1/lib/action_dispatch/middleware/templates/rescues/_trace.html.erb (1.6ms)
  Rendering /Users/varvara/.rvm/gems/ruby-2.3.3/gems/actionpack-5.0.1/lib/action_dispatch/middleware/templates/rescues/_request_and_response.html.erb
  Rendered /Users/varvara/.rvm/gems/ruby-2.3.3/gems/actionpack-5.0.1/lib/action_dispatch/middleware/templates/rescues/_request_and_response.html.erb (0.8ms)
  Rendered /Users/varvara/.rvm/gems/ruby-2.3.3/gems/actionpack-5.0.1/lib/action_dispatch/middleware/templates/rescues/diagnostics.html.erb within rescues/layout (81.5ms)
Started GET "/restaurants" for 127.0.0.1 at 2017-02-20 16:49:54 +0000
Processing by RestaurantsController#index as HTML
  Rendering restaurants/index.html.erb within layouts/application
  Rendered restaurants/index.html.erb within layouts/application (1.3ms)
Completed 200 OK in 456ms (Views: 445.5ms | ActiveRecord: 0.0ms)


Started GET "/restaurants" for 127.0.0.1 at 2017-02-20 16:49:59 +0000
Processing by RestaurantsController#index as HTML
  Rendering restaurants/index.html.erb within layouts/application
  Rendered restaurants/index.html.erb within layouts/application (0.5ms)
Completed 200 OK in 69ms (Views: 66.0ms | ActiveRecord: 0.0ms)


Started GET "/restaurants" for 127.0.0.1 at 2017-02-20 16:50:00 +0000
Processing by RestaurantsController#index as HTML
  Rendering restaurants/index.html.erb within layouts/application
  Rendered restaurants/index.html.erb within layouts/application (0.8ms)
Completed 200 OK in 47ms (Views: 44.5ms | ActiveRecord: 0.0ms)


Started GET "/restaurants" for 127.0.0.1 at 2017-02-20 17:11:30 +0000
  [1m[36mActiveRecord::SchemaMigration Load (0.8ms)[0m  [1m[34mSELECT "schema_migrations".* FROM "schema_migrations"[0m
Processing by RestaurantsController#index as HTML
  Rendering restaurants/index.html.erb within layouts/application
  [1m[35m (2.4ms)[0m  [1m[34mSELECT COUNT(*) FROM "restaurants"[0m
  Rendered restaurants/index.html.erb within layouts/application (7.7ms)
Completed 200 OK in 730ms (Views: 704.3ms | ActiveRecord: 3.8ms)


Started GET "/restaurants" for 127.0.0.1 at 2017-02-20 17:11:37 +0000
Processing by RestaurantsController#index as HTML
  Rendering restaurants/index.html.erb within layouts/application
  [1m[35m (13.6ms)[0m  [1m[34mSELECT COUNT(*) FROM "restaurants"[0m
  Rendered restaurants/index.html.erb within layouts/application (17.3ms)
Completed 200 OK in 118ms (Views: 98.6ms | ActiveRecord: 13.6ms)


